<?xml version="1.0" encoding="UTF-8"?>
<!-- Generated by org.testng.reporters.JUnitReportReporter -->
<testsuite hostname="DESKTOP-UK51D7O" failures="0" tests="1" name="testcase.TC0001_AccountRegistertationTest" time="7.914" errors="0" timestamp="2025-01-31T19:01:58 IST" skipped="0">
  <testcase classname="testcase.TC0001_AccountRegistertationTest" name="verify_account_registration" time="7.914"/>
</testsuite> <!-- testcase.TC0001_AccountRegistertationTest -->
